<?xml version="1.0" encoding="UTF-8"?>
<!-- Generated by org.testng.reporters.JUnitXMLReporter -->
<testsuite ignored="0" hostname="rechu" failures="0" tests="9" name="EdgeTest" time="3.614" errors="0" timestamp="2025-09-10T19:46:04 IST">
  <testcase classname="testScript.LogOutTest" name="verifyWhetherUserIsableToLogOut" time="0.0">
    <skipped/>
  </testcase> <!-- verifyWhetherUserIsableToLogOut -->
  <testcase classname="testScript.ManageCategoryTest" name="verifyUserIsAbleToAddNewCategory" time="0.0">
    <skipped/>
  </testcase> <!-- verifyUserIsAbleToAddNewCategory -->
  <testcase classname="testScript.ManageNewsTest" name="verifyWhetherUserIsAbleToAddNews" time="0.0">
    <skipped/>
  </testcase> <!-- verifyWhetherUserIsAbleToAddNews -->
  <testcase classname="testScript.AdminUserTest" name="verifyWhetherUserIsAbleToAddNewAdminUser" time="0.0">
    <skipped/>
  </testcase> <!-- verifyWhetherUserIsAbleToAddNewAdminUser -->
  <testcase classname="testScript.ManageFooterTextUpdateTest" name="verifyWhetherUSerISAbleToUpdateFooterText" time="0.004">
    <skipped/>
  </testcase> <!-- verifyWhetherUSerISAbleToUpdateFooterText -->
  <testcase classname="testScript.LoginTest" name="verifyTheUserIsAbleToLoginUsingInvalidPassword" time="0.0">
    <skipped/>
  </testcase> <!-- verifyTheUserIsAbleToLoginUsingInvalidPassword -->
  <testcase classname="testScript.LoginTest" name="verifyTheUserIsAbleToLoginUsingValidCredential" time="0.0">
    <skipped/>
  </testcase> <!-- verifyTheUserIsAbleToLoginUsingValidCredential -->
  <testcase classname="testScript.ManageContactUsTest" name="verifyWhetherUserIsAbleToUpdateContactUsInfo" time="0.0">
    <skipped/>
  </testcase> <!-- verifyWhetherUserIsAbleToUpdateContactUsInfo -->
  <testcase classname="testScript.ManagenewsUpdateTest" name="verifyWhetherUserIsAbleToUpdateNews" time="0.0">
    <skipped/>
  </testcase> <!-- verifyWhetherUserIsAbleToUpdateNews -->
</testsuite> <!-- EdgeTest -->
