<?xml version="1.0" encoding="UTF-8"?>
<testng-results ignored="0" total="2" passed="2" failed="0" skipped="0">
  <reporter-output>
  </reporter-output>
  <suite started-at="2025-09-10T20:26:53 IST" name="Suite" finished-at="2025-09-10T20:27:12 IST" duration-ms="18129">
    <groups>
      <group name="regression">
        <method signature="LoginTest.verifyTheUserIsAbleToLoginUsingValidCredential()[pri:0, instance:testScript.LoginTest@475c9c31]" name="verifyTheUserIsAbleToLoginUsingValidCredential" class="testScript.LoginTest"/>
      </group> <!-- regression -->
    </groups>
    <test started-at="2025-09-10T20:26:53 IST" name="Test" finished-at="2025-09-10T20:27:12 IST" duration-ms="18129">
      <class name="testScript.LoginTest">
        <test-method is-config="true" signature="browserInitialisation(java.lang.String)[pri:0, instance:testScript.LoginTest@475c9c31]" started-at="2025-09-10T20:26:54 IST" name="browserInitialisation" finished-at="2025-09-10T20:27:00 IST" duration-ms="6419" status="PASS">
          <params>
            <param index="0">
              <value>
                <![CDATA[chrome]]>
              </value>
            </param>
          </params>
          <reporter-output>
          </reporter-output>
        </test-method> <!-- browserInitialisation -->
        <test-method signature="verifyTheUserIsAbleToLoginUsingInvalidPassword()[pri:0, instance:testScript.LoginTest@475c9c31]" started-at="2025-09-10T20:27:00 IST" name="verifyTheUserIsAbleToLoginUsingInvalidPassword" finished-at="2025-09-10T20:27:03 IST" duration-ms="3006" status="PASS">
          <reporter-output>
          </reporter-output>
        </test-method> <!-- verifyTheUserIsAbleToLoginUsingInvalidPassword -->
        <test-method is-config="true" signature="quiteAndClose()[pri:0, instance:testScript.LoginTest@475c9c31]" started-at="2025-09-10T20:27:03 IST" name="quiteAndClose" finished-at="2025-09-10T20:27:05 IST" duration-ms="1772" status="PASS">
          <reporter-output>
          </reporter-output>
        </test-method> <!-- quiteAndClose -->
        <test-method is-config="true" signature="browserInitialisation(java.lang.String)[pri:0, instance:testScript.LoginTest@475c9c31]" started-at="2025-09-10T20:27:05 IST" name="browserInitialisation" finished-at="2025-09-10T20:27:08 IST" duration-ms="3212" status="PASS">
          <params>
            <param index="0">
              <value>
                <![CDATA[chrome]]>
              </value>
            </param>
          </params>
          <reporter-output>
          </reporter-output>
        </test-method> <!-- browserInitialisation -->
        <test-method signature="verifyTheUserIsAbleToLoginUsingValidCredential()[pri:0, instance:testScript.LoginTest@475c9c31]" started-at="2025-09-10T20:27:08 IST" name="verifyTheUserIsAbleToLoginUsingValidCredential" finished-at="2025-09-10T20:27:10 IST" duration-ms="1576" status="PASS">
          <reporter-output>
          </reporter-output>
        </test-method> <!-- verifyTheUserIsAbleToLoginUsingValidCredential -->
        <test-method is-config="true" signature="quiteAndClose()[pri:0, instance:testScript.LoginTest@475c9c31]" started-at="2025-09-10T20:27:10 IST" name="quiteAndClose" finished-at="2025-09-10T20:27:12 IST" duration-ms="1961" status="PASS">
          <reporter-output>
          </reporter-output>
        </test-method> <!-- quiteAndClose -->
      </class> <!-- testScript.LoginTest -->
    </test> <!-- Test -->
  </suite> <!-- Suite -->
</testng-results>
